WHYLIB is not set, using /usa/siegel/.opam/4.00.1/lib/why as default
Parsing
Normalization
Typing logic labels
Typing code
Typing axiomatic Padding
Typing logic type declaration padding
Typing axiomatic Padding
Typing tag unsigned_charP
Typing tag charP
Typing tag voidP
Computation of call graph
***********************************
Logic call graph: has 0 components
***********************************
******************************
Call graph: has 3 components
******************************
Component 0:
 f calls: 

Component 1:
 g calls: 

Component 2:
 h calls: g,
f

Adding invariants
Computation of regions
Separation: treating function f
Separation: treating function f
Separation: treating function g
Separation: treating function g
Separation: treating function h
param:dummy_region
arg:dummy_region
param:dummy_region
arg:dummy_region
param:dummy_region
arg:dummy_region
param:dummy_region
arg:dummy_region
Separation: treating function h
param:dummy_region
arg:dummy_region
param:dummy_region
arg:dummy_region
param:dummy_region
arg:dummy_region
param:dummy_region
arg:dummy_region
Computation of effects
Effects: doing one iteration...
Effects: doing one iteration...
Effects: doing one iteration...
Effects: fixpoint reached
Effects: removing global reads w/o writes
Effects for function f:
 reads:  alloc_table: 
         tag_table: 
         memories: 
         raw memories: 
         precise memories: 
         globals: 
         locals: __retres (Here)

 writes:  alloc_table: 
          tag_table: 
          memories: 
          raw memories: 
          precise memories: 
          globals: 
          locals: __retres (Here)

 raises: 
Effects: doing one iteration...
Effects: doing one iteration...
Effects: doing one iteration...
Effects: fixpoint reached
Effects: removing global reads w/o writes
Effects for function g:
 reads:  alloc_table: 
         tag_table: 
         memories: 
         raw memories: 
         precise memories: 
         globals: 
         locals: __retres_0 (Here)

 writes:  alloc_table: 
          tag_table: 
          memories: 
          raw memories: 
          precise memories: 
          globals: 
          locals: __retres_0 (Here)

 raises: 
Effects: doing one iteration...
Effects: doing one iteration...
Effects: doing one iteration...
Effects: fixpoint reached
Effects: removing global reads w/o writes
Effects for function h:
 reads:  alloc_table: 
         tag_table: 
         memories: 
         raw memories: 
         precise memories: 
         globals: 
         locals: __retres_1 (Here), tmp_0 (Here), tmp (Here)

 writes:  alloc_table: 
          tag_table: 
          memories: 
          raw memories: 
          precise memories: 
          globals: 
          locals: __retres_1 (Here), tmp_0 (Here), tmp (Here)

 raises: 
Translate logic types
Translate structures
all_allocs(tag charP):
  Found 1 allocs.
all_memories(tag charP):
  Found 0 memories.
all_allocs(tag charP):
  Found 1 allocs.
all_memories(tag charP):
  Found 0 memories.
all_allocs(tag charP):
  Found 1 allocs.
all_memories(tag charP):
  Found 0 memories.
all_allocs(tag charP):
  Found 1 allocs.
all_memories(tag charP):
  Found 0 memories.
all_allocs(tag charP):
  Found 1 allocs.
all_memories(tag charP):
  Found 0 memories.
all_allocs(tag charP):
  Found 1 allocs.
all_memories(tag charP):
  Found 0 memories.
all_allocs(tag charP):
  Found 1 allocs.
all_memories(tag charP):
  Found 0 memories.
all_allocs(tag charP):
  Found 1 allocs.
all_memories(tag charP):
  Found 0 memories.
all_allocs(tag unsigned_charP):
  Found 1 allocs.
all_memories(tag unsigned_charP):
  Found 0 memories.
all_allocs(tag unsigned_charP):
  Found 1 allocs.
all_memories(tag unsigned_charP):
  Found 0 memories.
all_allocs(tag unsigned_charP):
  Found 1 allocs.
all_memories(tag unsigned_charP):
  Found 0 memories.
all_allocs(tag unsigned_charP):
  Found 1 allocs.
all_memories(tag unsigned_charP):
  Found 0 memories.
all_allocs(tag unsigned_charP):
  Found 1 allocs.
all_memories(tag unsigned_charP):
  Found 0 memories.
all_allocs(tag unsigned_charP):
  Found 1 allocs.
all_memories(tag unsigned_charP):
  Found 0 memories.
all_allocs(tag unsigned_charP):
  Found 1 allocs.
all_memories(tag unsigned_charP):
  Found 0 memories.
all_allocs(tag unsigned_charP):
  Found 1 allocs.
all_memories(tag unsigned_charP):
  Found 0 memories.
all_allocs(tag voidP):
  Found 1 allocs.
all_memories(tag voidP):
  Found 0 memories.
all_allocs(tag voidP):
  Found 1 allocs.
all_memories(tag voidP):
  Found 0 memories.
all_allocs(tag voidP):
  Found 1 allocs.
all_memories(tag voidP):
  Found 0 memories.
all_allocs(tag voidP):
  Found 1 allocs.
all_memories(tag voidP):
  Found 0 memories.
all_allocs(tag voidP):
  Found 1 allocs.
all_memories(tag voidP):
  Found 0 memories.
all_allocs(tag voidP):
  Found 1 allocs.
all_memories(tag voidP):
  Found 0 memories.
all_allocs(tag voidP):
  Found 1 allocs.
all_memories(tag voidP):
  Found 0 memories.
all_allocs(tag voidP):
  Found 1 allocs.
all_memories(tag voidP):
  Found 0 memories.
Translate variants
all_allocs(root charP):
  Found 1 allocs.
all_memories(root charP):
  Found 0 memories.
all_allocs(root charP):
  Found 1 allocs.
all_memories(root charP):
  Found 0 memories.
all_allocs(root unsigned_charP):
  Found 1 allocs.
all_memories(root unsigned_charP):
  Found 0 memories.
all_allocs(root unsigned_charP):
  Found 1 allocs.
all_memories(root unsigned_charP):
  Found 0 memories.
all_allocs(root voidP):
  Found 1 allocs.
all_memories(root voidP):
  Found 0 memories.
all_allocs(root voidP):
  Found 1 allocs.
all_memories(root voidP):
  Found 0 memories.
Translate variables
Translate memories
Translate allocation tables
Translate tag tables
Translate exceptions
producing exception 'Loop_continue'
producing exception 'Loop_exit'
producing exception 'Return_label'
Translate enumerated types
Translate logic functions
Translate axiomatic declarations
Axiomatic Padding
Translate lemmas
Translate functions
Pre-treatement Function f
Pre-treatement Function g
Pre-treatement Function h
Function f
Jc_interp: function f
Jc_interp: behavior 'default' has no assigns
Jc_interp: behavior 'default' has no assigns
Jc_interp: behavior 'safety' has no assigns
Jc_interp: behavior 'safety' has no assigns
Function g
Jc_interp: function g
Jc_interp: behavior 'default' has no assigns
Jc_interp: behavior 'default' has no assigns
Jc_interp: behavior 'safety' has no assigns
Jc_interp: behavior 'safety' has no assigns
Function h
Jc_interp: function h
Jc_interp: behavior 'default' has no assigns
Jc_interp: behavior 'default' has no assigns
Jc_interp: behavior 'safety' has no assigns
Jc_interp: behavior 'safety' has no assigns
Produce Why3ml file
Produce makefile
