WHYLIB is not set, using /usa/siegel/.opam/4.00.1/lib/why as default
Parsing
Normalization
Typing logic labels
Typing code
Typing axiomatic Padding
Typing logic type declaration padding
Typing axiomatic powers
Typing axiomatic Padding
Typing tag unsigned_charP
Typing tag charP
Typing tag voidP
Typing axiomatic powers
Typing lemma/axiom power0
Typing lemma/axiom power1
occurrences table for axiom power1 in axiomatic powers:
  80:  ; ;
  
occurrences table for axiom power0 in axiomatic powers:
  80:  ;
  
Computation of call graph
***********************************
Logic call graph: has 1 components
***********************************
Component 0:
 power calls: 

******************************
Call graph: has 1 components
******************************
Component 0:
 series calls: 

Adding invariants
Computation of regions
param:dummy_region,
dummy_region
arg:dummy_region,
dummy_region
param:dummy_region
arg:dummy_region
param:dummy_region,
dummy_region
arg:dummy_region,
dummy_region
param:dummy_region
arg:dummy_region
param:dummy_region,
dummy_region
arg:dummy_region,
dummy_region
param:dummy_region
arg:dummy_region
param:dummy_region,
dummy_region
arg:dummy_region,
dummy_region
param:dummy_region
arg:dummy_region
param:dummy_region,
dummy_region
arg:dummy_region,
dummy_region
param:dummy_region
arg:dummy_region
param:dummy_region,
dummy_region
arg:dummy_region,
dummy_region
param:dummy_region
arg:dummy_region
param:dummy_region,
dummy_region
arg:dummy_region,
dummy_region
param:dummy_region
arg:dummy_region
param:dummy_region,
dummy_region
arg:dummy_region,
dummy_region
param:dummy_region
arg:dummy_region
param:dummy_region,
dummy_region
arg:dummy_region,
dummy_region
param:dummy_region
arg:dummy_region
Separation: treating function series
param:dummy_region,
dummy_region
arg:dummy_region,
dummy_region
param:dummy_region
arg:dummy_region
param:dummy_region,
dummy_region
arg:dummy_region,
dummy_region
param:dummy_region
arg:dummy_region
Separation: treating function series
param:dummy_region,
dummy_region
arg:dummy_region,
dummy_region
param:dummy_region
arg:dummy_region
param:dummy_region,
dummy_region
arg:dummy_region,
dummy_region
param:dummy_region
arg:dummy_region
Computation of effects
Effects: doing one iteration...
Jc_effect.effects_from_app, fi = power, app = power
fi == app.jc_app_fun ? true
fi labels = {} ; app label_assoc = {}
Jc_effect.effects_from_app, fi = power, app = power
fi == app.jc_app_fun ? true
fi labels = {} ; app label_assoc = {}
Jc_effect.effects_from_app, fi = power, app = power
fi == app.jc_app_fun ? true
fi labels = {} ; app label_assoc = {}
Effects: fixpoint reached
Effects for logic function power:
 alloc_table: 
 tag_table: 
 memories: 
 raw memories: 
 precise memories: 
 globals: 
 locals: 

Effects: doing one iteration...
Effects: doing one iteration...
Effects: doing one iteration...
Effects: fixpoint reached
Effects: removing global reads w/o writes
Effects for function series:
 reads:  alloc_table: 
         tag_table: 
         memories: 
         raw memories: 
         precise memories: 
         globals: 
         locals: t (Here), s (Here), i (Here)

 writes:  alloc_table: 
          tag_table: 
          memories: 
          raw memories: 
          precise memories: 
          globals: 
          locals: t (Here), s (Here), i (Here)

 raises: 
Translate logic types
Translate structures
all_allocs(tag charP):
  Found 1 allocs.
all_memories(tag charP):
  Found 0 memories.
all_allocs(tag charP):
  Found 1 allocs.
all_memories(tag charP):
  Found 0 memories.
all_allocs(tag charP):
  Found 1 allocs.
all_memories(tag charP):
  Found 0 memories.
all_allocs(tag charP):
  Found 1 allocs.
all_memories(tag charP):
  Found 0 memories.
all_allocs(tag charP):
  Found 1 allocs.
all_memories(tag charP):
  Found 0 memories.
all_allocs(tag charP):
  Found 1 allocs.
all_memories(tag charP):
  Found 0 memories.
all_allocs(tag charP):
  Found 1 allocs.
all_memories(tag charP):
  Found 0 memories.
all_allocs(tag charP):
  Found 1 allocs.
all_memories(tag charP):
  Found 0 memories.
all_allocs(tag unsigned_charP):
  Found 1 allocs.
all_memories(tag unsigned_charP):
  Found 0 memories.
all_allocs(tag unsigned_charP):
  Found 1 allocs.
all_memories(tag unsigned_charP):
  Found 0 memories.
all_allocs(tag unsigned_charP):
  Found 1 allocs.
all_memories(tag unsigned_charP):
  Found 0 memories.
all_allocs(tag unsigned_charP):
  Found 1 allocs.
all_memories(tag unsigned_charP):
  Found 0 memories.
all_allocs(tag unsigned_charP):
  Found 1 allocs.
all_memories(tag unsigned_charP):
  Found 0 memories.
all_allocs(tag unsigned_charP):
  Found 1 allocs.
all_memories(tag unsigned_charP):
  Found 0 memories.
all_allocs(tag unsigned_charP):
  Found 1 allocs.
all_memories(tag unsigned_charP):
  Found 0 memories.
all_allocs(tag unsigned_charP):
  Found 1 allocs.
all_memories(tag unsigned_charP):
  Found 0 memories.
all_allocs(tag voidP):
  Found 1 allocs.
all_memories(tag voidP):
  Found 0 memories.
all_allocs(tag voidP):
  Found 1 allocs.
all_memories(tag voidP):
  Found 0 memories.
all_allocs(tag voidP):
  Found 1 allocs.
all_memories(tag voidP):
  Found 0 memories.
all_allocs(tag voidP):
  Found 1 allocs.
all_memories(tag voidP):
  Found 0 memories.
all_allocs(tag voidP):
  Found 1 allocs.
all_memories(tag voidP):
  Found 0 memories.
all_allocs(tag voidP):
  Found 1 allocs.
all_memories(tag voidP):
  Found 0 memories.
all_allocs(tag voidP):
  Found 1 allocs.
all_memories(tag voidP):
  Found 0 memories.
all_allocs(tag voidP):
  Found 1 allocs.
all_memories(tag voidP):
  Found 0 memories.
Translate variants
all_allocs(root charP):
  Found 1 allocs.
all_memories(root charP):
  Found 0 memories.
all_allocs(root charP):
  Found 1 allocs.
all_memories(root charP):
  Found 0 memories.
all_allocs(root unsigned_charP):
  Found 1 allocs.
all_memories(root unsigned_charP):
  Found 0 memories.
all_allocs(root unsigned_charP):
  Found 1 allocs.
all_memories(root unsigned_charP):
  Found 0 memories.
all_allocs(root voidP):
  Found 1 allocs.
all_memories(root voidP):
  Found 0 memories.
all_allocs(root voidP):
  Found 1 allocs.
all_memories(root voidP):
  Found 0 memories.
Translate variables
Translate memories
Translate allocation tables
Translate tag tables
Translate exceptions
producing exception 'Goto_while_0_break'
producing exception 'Loop_continue'
producing exception 'Loop_exit'
producing exception 'Return_label'
Translate enumerated types
Translate logic functions
Logic function power
Translate axiomatic declarations
Axiomatic Padding
Axiomatic powers
Translate lemmas
Translate functions
Pre-treatement Function series
Function series
Jc_interp: function series
Jc_interp: behavior 'default' has no assigns
Jc_interp: behavior 'default' has no assigns
Jc_interp: behavior 'safety' has no assigns
Jc_interp: behavior 'safety' has no assigns
Produce Why3ml file
Produce makefile
